Importing app.routers.products...
Import failed: 1 validation error for Settings
merchant_id
  Extra inputs are not permitted [type=extra_forbidden, input_value='0', input_type=str]
    For further information visit https://errors.pydantic.dev/2.7/v/extra_forbidden
Traceback (most recent call last):
  File "C:\Users\ihsan\VScodeProject\smartgement\aiservices\debug_router.py", line 7, in <module>
    from app.routers import products
  File "C:\Users\ihsan\VScodeProject\smartgement\aiservices\app\routers\products.py", line 4, in <module>
    from app.database import get_db
  File "C:\Users\ihsan\VScodeProject\smartgement\aiservices\app\database.py", line 3, in <module>
    from app.config import settings
  File "C:\Users\ihsan\VScodeProject\smartgement\aiservices\app\config.py", line 39, in <module>
    settings = Settings()
               ^^^^^^^^^^
  File "C:\Users\ihsan\AppData\Local\Packages\PythonSoftwareFoundation.Python.3.11_qbz5n2kfra8p0\LocalCache\local-packages\Python311\site-packages\pydantic_settings\main.py", line 176, in __init__
    super().__init__(
  File "C:\Users\ihsan\AppData\Local\Packages\PythonSoftwareFoundation.Python.3.11_qbz5n2kfra8p0\LocalCache\local-packages\Python311\site-packages\pydantic\main.py", line 176, in __init__
    self.__pydantic_validator__.validate_python(data, self_instance=self)
pydantic_core._pydantic_core.ValidationError: 1 validation error for Settings
merchant_id
  Extra inputs are not permitted [type=extra_forbidden, input_value='0', input_type=str]
    For further information visit https://errors.pydantic.dev/2.7/v/extra_forbidden
